<?xml version="1.0" encoding="UTF-8"?>
<testsuite xmlns:xsi="http://www.w3.org/2001/XMLSchema-instance" xsi:noNamespaceSchemaLocation="https://maven.apache.org/surefire/maven-surefire-plugin/xsd/surefire-test-report.xsd" version="3.0.2" name="com.cg.ApplicationTests" time="10.902" tests="1" errors="0" skipped="0" failures="0">
  <properties>
[...]
</properties>
  <testcase name="contextLoads" classname="com.cg.ApplicationTests" time="1.936">
    <system-out><![CDATA[Standard Commons Logging discovery in action with spring-jcl: please remove commons-logging.jar from classpath in order to avoid potential conflicts
17:17:10.075 [main] INFO org.springframework.test.context.support.AnnotationConfigContextLoaderUtils -- Could not detect default configuration classes for test class [com.cg.ApplicationTests]: ApplicationTests does not declare any static, non-private, non-final, nested classes annotated with @Configuration.
17:17:10.330 [main] INFO org.springframework.boot.test.context.SpringBootTestContextBootstrapper -- Found @SpringBootConfiguration com.cg.Application for test class com.cg.ApplicationTests
17:17:11.058 [main] INFO org.springframework.boot.devtools.restart.RestartApplicationListener -- Restart disabled due to context in which it is running

  .   ____          _            __ _ _
 /\\ / ___'_ __ _ _(_)_ __  __ _ \ \ \ \
( ( )\___ | '_ | '_| | '_ \/ _` | \ \ \ \
 \\/  ___)| |_)| | | | | || (_| |  ) ) ) )
  '  |____| .__|_| |_|_| |_\__, | / / / /
 =========|_|==============|___/=/_/_/_/

 :: Spring Boot ::                (v3.4.0)

2024-12-11T17:17:11.906+05:30  INFO 14524 --- [1a-eurekaserver] [           main] com.cg.ApplicationTests                  : Starting ApplicationTests using Java 17.0.4.1 with PID 14524 (started by yashovsi in C:\Users\yashovsi\HOSPITAL_MANAGEMENT_FINAL\1a-eurekaserver)
2024-12-11T17:17:11.912+05:30  INFO 14524 --- [1a-eurekaserver] [           main] com.cg.ApplicationTests                  : No active profile set, falling back to 1 default profile: "default"
2024-12-11T17:17:14.210+05:30  INFO 14524 --- [1a-eurekaserver] [           main] o.s.cloud.context.scope.GenericScope     : BeanFactory id=3b03fe3d-bc31-3247-b0d6-417b7af5c111
2024-12-11T17:17:17.013+05:30  WARN 14524 --- [1a-eurekaserver] [           main] iguration$LoadBalancerCaffeineWarnLogger : Spring Cloud LoadBalancer is currently working with the default cache. While this cache implementation is useful for development and tests, it's recommended to use Caffeine cache in production.You can switch to using Caffeine cache, by adding it and org.springframework.cache.caffeine.CaffeineCacheManager to the classpath.
2024-12-11T17:17:17.443+05:30  INFO 14524 --- [1a-eurekaserver] [           main] o.s.c.n.eureka.InstanceInfoFactory       : Setting initial instance status as: STARTING
2024-12-11T17:17:17.493+05:30  INFO 14524 --- [1a-eurekaserver] [           main] com.netflix.discovery.DiscoveryClient    : Initializing Eureka in region us-east-1
2024-12-11T17:17:17.497+05:30  INFO 14524 --- [1a-eurekaserver] [           main] com.netflix.discovery.DiscoveryClient    : Client configured to neither register nor query for data.
2024-12-11T17:17:17.500+05:30  INFO 14524 --- [1a-eurekaserver] [           main] com.netflix.discovery.DiscoveryClient    : Discovery Client initialized at timestamp 1733917637499 with initial instances count: 0
2024-12-11T17:17:17.616+05:30  INFO 14524 --- [1a-eurekaserver] [           main] c.n.eureka.DefaultEurekaServerContext    : Initializing ...
2024-12-11T17:17:17.620+05:30  INFO 14524 --- [1a-eurekaserver] [           main] c.n.eureka.cluster.PeerEurekaNodes       : Adding new peer nodes [http://localhost:8761/eureka/]
2024-12-11T17:17:18.006+05:30  INFO 14524 --- [1a-eurekaserver] [           main] c.n.d.provider.DiscoveryJerseyProvider   : Using JSON encoding codec LegacyJacksonJson
2024-12-11T17:17:18.007+05:30  INFO 14524 --- [1a-eurekaserver] [           main] c.n.d.provider.DiscoveryJerseyProvider   : Using JSON decoding codec LegacyJacksonJson
2024-12-11T17:17:18.007+05:30  INFO 14524 --- [1a-eurekaserver] [           main] c.n.d.provider.DiscoveryJerseyProvider   : Using XML encoding codec XStreamXml
2024-12-11T17:17:18.007+05:30  INFO 14524 --- [1a-eurekaserver] [           main] c.n.d.provider.DiscoveryJerseyProvider   : Using XML decoding codec XStreamXml
2024-12-11T17:17:18.143+05:30  INFO 14524 --- [1a-eurekaserver] [           main] c.n.eureka.cluster.PeerEurekaNodes       : Replica node URL:  http://localhost:8761/eureka/
2024-12-11T17:17:18.160+05:30  INFO 14524 --- [1a-eurekaserver] [           main] c.n.e.registry.AbstractInstanceRegistry  : Finished initializing remote region registries. All known remote regions: []
2024-12-11T17:17:18.160+05:30  INFO 14524 --- [1a-eurekaserver] [           main] c.n.eureka.DefaultEurekaServerContext    : Initialized
2024-12-11T17:17:18.387+05:30  INFO 14524 --- [1a-eurekaserver] [           main] o.s.b.a.e.web.EndpointLinksResolver      : Exposing 1 endpoint beneath base path '/actuator'
2024-12-11T17:17:18.487+05:30  INFO 14524 --- [1a-eurekaserver] [           main] o.s.c.n.e.s.EurekaServiceRegistry        : Registering application 1A-EUREKASERVER with eureka with status UP
2024-12-11T17:17:18.523+05:30  INFO 14524 --- [1a-eurekaserver] [      Thread-11] o.s.c.n.e.server.EurekaServerBootstrap   : isAws returned false
2024-12-11T17:17:18.525+05:30  INFO 14524 --- [1a-eurekaserver] [      Thread-11] o.s.c.n.e.server.EurekaServerBootstrap   : Initialized server context
2024-12-11T17:17:18.525+05:30  INFO 14524 --- [1a-eurekaserver] [      Thread-11] c.n.e.r.PeerAwareInstanceRegistryImpl    : Got 1 instances from neighboring DS node
2024-12-11T17:17:18.526+05:30  INFO 14524 --- [1a-eurekaserver] [      Thread-11] c.n.e.r.PeerAwareInstanceRegistryImpl    : Renew threshold is: 1
2024-12-11T17:17:18.526+05:30  INFO 14524 --- [1a-eurekaserver] [      Thread-11] c.n.e.r.PeerAwareInstanceRegistryImpl    : Changing status to UP
2024-12-11T17:17:18.532+05:30  INFO 14524 --- [1a-eurekaserver] [      Thread-11] e.s.EurekaServerInitializerConfiguration : Started Eureka Server
2024-12-11T17:17:18.538+05:30  INFO 14524 --- [1a-eurekaserver] [           main] com.cg.ApplicationTests                  : Started ApplicationTests in 7.513 seconds (process running for 10.324)
]]></system-out>
  </testcase>
</testsuite>